No settings file found, will only use default settings
Connecting to: 192.168.1.31
Alexa@Home HTTP server listening on port 5005
no preset file, ignoring...
warn:    --minUptime not set. Defaulting to: 1000ms
warn:    --spinSleepTime not set. Your script will exit if it does not stay up for at least 1000ms
info:    Forever processing file: /home/pi/src/alexa-at-home/server.js
No settings file found, will only use default settings
Connecting to: 192.168.1.31
Alexa@Home HTTP server listening on port 5005
no preset file, ignoring...
No settings file found, will only use default settings
Connecting to: 192.168.1.31
Alexa@Home HTTP server listening on port 5005
no preset file, ignoring...
Serving: /receiver/state
<YAMAHA_AV cmd="GET"><Main_Zone><Basic_Status>GetParam</Basic_Status></Main_Zone></YAMAHA_AV>
<YAMAHA_AV cmd="GET"><Main_Zone><Volume><Lvl>GetParam</Lvl></Volume></Main_Zone></YAMAHA_AV>
<YAMAHA_AV cmd="GET"><Main_Zone><Basic_Status>GetParam</Basic_Status></Main_Zone></YAMAHA_AV>
<YAMAHA_AV cmd="GET"><System><Config>GetParam</Config></System></YAMAHA_AV>
Serving: /receiver/volume
Getting Current Volume
<YAMAHA_AV cmd="GET"><Main_Zone><Volume><Lvl>GetParam</Lvl></Volume></Main_Zone></YAMAHA_AV>
Serving: /receiver/power/on
Powering On Receiver
<YAMAHA_AV cmd="PUT"><Main_Zone><Power_Control><Power>On</Power></Power_Control></Main_Zone></YAMAHA_AV>
Serving: /receiver/state
<YAMAHA_AV cmd="GET"><Main_Zone><Basic_Status>GetParam</Basic_Status></Main_Zone></YAMAHA_AV>
<YAMAHA_AV cmd="GET"><Main_Zone><Volume><Lvl>GetParam</Lvl></Volume></Main_Zone></YAMAHA_AV>
<YAMAHA_AV cmd="GET"><Main_Zone><Basic_Status>GetParam</Basic_Status></Main_Zone></YAMAHA_AV>
<YAMAHA_AV cmd="GET"><System><Config>GetParam</Config></System></YAMAHA_AV>
No settings file found, will only use default settings
Connecting to: 192.168.1.31
Alexa@Home HTTP server listening on port 5005
no preset file, ignoring...
Serving: /receiver/volume
Getting Current Volume
<YAMAHA_AV cmd="GET"><Main_Zone><Volume><Lvl>GetParam</Lvl></Volume></Main_Zone></YAMAHA_AV>
Serving: /receiver/volume
Getting Current Volume
<YAMAHA_AV cmd="GET"><Main_Zone><Volume><Lvl>GetParam</Lvl></Volume></Main_Zone></YAMAHA_AV>
No settings file found, will only use default settings
Connecting to: 192.168.1.31
Alexa@Home HTTP server listening on port 5005
no preset file, ignoring...
Serving: /receiver/volume
Getting Current Volume
<YAMAHA_AV cmd="GET"><Main_Zone><Volume><Lvl>GetParam</Lvl></Volume></Main_Zone></YAMAHA_AV>
Serving: /receiver/volume
Getting Current Volume
<YAMAHA_AV cmd="GET"><Main_Zone><Volume><Lvl>GetParam</Lvl></Volume></Main_Zone></YAMAHA_AV>
warn:    --minUptime not set. Defaulting to: 1000ms
warn:    --spinSleepTime not set. Your script will exit if it does not stay up for at least 1000ms
info:    Forever processing file: /home/pi/src/alexa-at-home/server.js
